<?xml version="1.0" encoding="UTF-8"?>
<!-- Generated by org.testng.reporters.JUnitReportReporter -->
<testsuite hostname="Mitu" failures="0" tests="2" name="nexxvalli.MavenProject.Example" time="0.011" errors="0" timestamp="2024-06-06T20:09:20 PDT" skipped="0">
  <testcase classname="nexxvalli.MavenProject.Example" name="lastClass" time="0.001"/>
  <system-out/>
  <testcase classname="nexxvalli.MavenProject.Example" name="addSum" time="0.010"/>
  <system-out/>
</testsuite> <!-- nexxvalli.MavenProject.Example -->
